<?xml version="1.0" encoding="UTF-8"?>
<!-- Generated by org.testng.reporters.JUnitXMLReporter -->
<testsuite hostname="DESKTOP-0CV2FCB" ignored="1" name="Test(failed)" tests="1" failures="0" timestamp="2021-06-27T02:20:48 IST" time="0.09" errors="0">
  <testcase name="deleteTask" time="0.015" classname="com.actitime.testscript.TaskModule"/>
  <testcase name="createTask" time="0.0" classname="com.actitime.testscript.TaskModule">
    <ignored/>
  </testcase> <!-- createTask -->
</testsuite> <!-- Test(failed) -->
